<?xml version="1.0" encoding="UTF-8"?>
<testng-results ignored="0" total="2" passed="2" failed="0" skipped="0">
  <reporter-output>
  </reporter-output>
  <suite started-at="2025-08-20T14:49:42 BDT" name="FrameWork" finished-at="2025-08-20T14:49:46 BDT" duration-ms="3203">
    <groups>
    </groups>
    <test started-at="2025-08-20T14:49:42 BDT" name="Search Flight Test" finished-at="2025-08-20T14:49:45 BDT" duration-ms="2396">
      <class name="com.makemytrip.testcases.FlightPageTest">
        <test-method signature="searchFlight()[pri:0, instance:com.makemytrip.testcases.FlightPageTest@6743e411]" started-at="2025-08-20T14:49:43 BDT" name="searchFlight" finished-at="2025-08-20T14:49:45 BDT" duration-ms="2362" status="PASS">
          <reporter-output>
          </reporter-output>
        </test-method> <!-- searchFlight -->
      </class> <!-- com.makemytrip.testcases.FlightPageTest -->
    </test> <!-- Search Flight Test -->
    <test started-at="2025-08-20T14:49:45 BDT" name="Log In Test" finished-at="2025-08-20T14:49:46 BDT" duration-ms="561">
      <class name="com.makemytrip.testcases.TestSetup">
        <test-method is-config="true" signature="setup()[pri:0, instance:com.makemytrip.testcases.TestSetup@1573f9fc]" started-at="2025-08-20T14:49:38 BDT" name="setup" finished-at="2025-08-20T14:49:42 BDT" duration-ms="4088" status="PASS">
          <reporter-output>
          </reporter-output>
        </test-method> <!-- setup -->
        <test-method is-config="true" signature="tearDown()[pri:0, instance:com.makemytrip.testcases.TestSetup@1573f9fc]" started-at="2025-08-20T14:49:46 BDT" name="tearDown" finished-at="2025-08-20T14:49:46 BDT" duration-ms="186" status="PASS">
          <reporter-output>
          </reporter-output>
        </test-method> <!-- tearDown -->
      </class> <!-- com.makemytrip.testcases.TestSetup -->
      <class name="com.makemytrip.testcases.LoginPageTest">
        <test-method signature="doLogin()[pri:0, instance:com.makemytrip.testcases.LoginPageTest@d35dea7]" started-at="2025-08-20T14:49:45 BDT" name="doLogin" finished-at="2025-08-20T14:49:46 BDT" duration-ms="559" status="PASS">
          <reporter-output>
          </reporter-output>
        </test-method> <!-- doLogin -->
      </class> <!-- com.makemytrip.testcases.LoginPageTest -->
    </test> <!-- Log In Test -->
  </suite> <!-- FrameWork -->
</testng-results>
